
 TRANFT:  Transport property fitting,
           CHEMKIN-II Version 3.3, January 1995
           DOUBLE PRECISION



 OUTPUT FROM THE TRANSPORT PROPERTY FITTING PACKAGE



  CKLIB:  Chemical Kinetics Library
          CHEMKIN-II Version 4.5, January 1995
          DOUBLE PRECISION

 DATA HAS BEEN FIT OVER THE RANGE:  TLOW=   200.00, THIGH=  3500.00



 TRANSPORT PARAMETERS FROM DATA BASE:

 CH                 1    80.000     2.750     0.000     0.000     0.000          
 CH2                1   144.000     3.800     0.000     0.000     0.000          
 CH2*               1   144.000     3.800     0.000     0.000     0.000          
 CH3                1   144.000     3.800     0.000     0.000     0.000          
 CH4                2   141.400     3.746     0.000     2.600    13.000          
 CO                 1    98.100     3.650     0.000     1.950     1.800          
 CO2                1   244.000     3.763     0.000     2.650     2.100          
 HCO                2   498.000     3.590     0.000     0.000     0.000          
 CH2O               2   498.000     3.590     0.000     0.000     2.000          
 CH3O               2   417.000     3.690     1.700     0.000     2.000          
 C2H2               1   209.000     4.100     0.000     0.000     2.500          
 H2CC               2   209.000     4.100     0.000     0.000     2.500          
 C2H3               2   209.000     4.100     0.000     0.000     1.000 ! *      
 C2H4               2   280.800     3.971     0.000     0.000     1.500          
 C2H5               2   252.300     4.302     0.000     0.000     1.500          
 C2H6               2   252.300     4.302     0.000     0.000     1.500          
 HCCO               2   150.000     2.500     0.000     0.000     1.000 ! *      
 CH2CO              2   436.000     3.970     0.000     0.000     2.000          
 CH2CHO             2   436.000     3.970     0.000     0.000     2.000          
 H                  0   145.000     2.050     0.000     0.000     0.000          
 H2                 1    38.000     2.920     0.000     0.790   280.000          
 H2O                2   572.400     2.605     1.844     0.000     4.000          
 H2O2               2   107.400     3.458     0.000     0.000     3.800          
 HO2                2   107.400     3.458     0.000     0.000     1.000 ! *      
 N2                 1    97.530     3.621     0.000     1.760     4.000          
 O                  0    80.000     2.750     0.000     0.000     0.000          
 O2                 1   107.400     3.458     0.000     1.600     3.800          
 OH                 1    80.000     2.750     0.000     0.000     0.000          
 aC3H5              2   266.800     4.982     0.000     0.000     1.000          
 C3H6               2   266.800     4.982     0.000     0.000     1.000          
 nC3H7              2   266.800     4.982     0.000     0.000     1.000          
 CH3CHO             2   436.000     3.970     0.000     0.000     2.000          



 COEFFICIENTS FOR SPECIES CONDUCTIVITIES
 MAXIMUM FITTING ERROR =    1.286E-01
  
  H2           0.434E+01   0.156E+01  -0.161E+00   0.992E-02
  H           -0.128E+01   0.382E+01  -0.420E+00   0.185E-01
  O            0.999E+00   0.221E+01  -0.213E+00   0.963E-02
  O2           0.533E+00   0.187E+01  -0.131E+00   0.522E-02
  OH           0.909E+01  -0.112E+01   0.239E+00  -0.974E-02
  H2O          0.182E+02  -0.677E+01   0.122E+01  -0.614E-01
  HO2          0.333E+01   0.413E+00   0.113E+00  -0.734E-02
  H2O2         0.292E+01   0.459E+00   0.139E+00  -0.995E-02
  CH           0.137E+02  -0.325E+01   0.566E+00  -0.259E-01
  CH2          0.823E+01  -0.174E+01   0.433E+00  -0.231E-01
  CH2*         0.140E+02  -0.437E+01   0.823E+00  -0.421E-01
  CH3          0.108E+02  -0.323E+01   0.703E+00  -0.379E-01
  CH4          0.177E+02  -0.672E+01   0.126E+01  -0.663E-01
  CO           0.817E+01  -0.154E+01   0.368E+00  -0.191E-01
  CO2         -0.874E+01   0.479E+01  -0.418E+00   0.135E-01
  HCO          0.106E+02  -0.396E+01   0.866E+00  -0.480E-01
  CH2O         0.143E+02  -0.606E+01   0.124E+01  -0.682E-01
  CH3O         0.183E+01  -0.867E+00   0.528E+00  -0.358E-01
  C2H2        -0.108E+02   0.587E+01  -0.586E+00   0.224E-01
  H2CC        -0.677E+00   0.147E+01   0.450E-01  -0.755E-02
  C2H3        -0.410E+01   0.245E+01  -0.256E-01  -0.688E-02
  C2H4        -0.403E+01   0.191E+01   0.118E+00  -0.161E-01
  C2H5        -0.128E+01   0.819E+00   0.260E+00  -0.223E-01
  C2H6        -0.212E+01   0.996E+00   0.261E+00  -0.234E-01
  HCCO        -0.640E+01   0.457E+01  -0.421E+00   0.150E-01
  CH2CO       -0.513E+01   0.265E+01  -0.406E-01  -0.668E-02
  CH2CHO      -0.497E+02   0.221E+02  -0.281E+01   0.123E+00
  CH3CHO       0.110E+01  -0.488E+00   0.471E+00  -0.331E-01
  aC3H5       -0.151E+02   0.670E+01  -0.580E+00   0.172E-01
  C3H6        -0.108E+02   0.468E+01  -0.275E+00   0.233E-02
  nC3H7       -0.135E+02   0.592E+01  -0.455E+00   0.109E-01
  N2           0.777E+01  -0.131E+01   0.329E+00  -0.169E-01



 COEFFICIENTS FOR SPECIES VISCOSITIES
 MAXIMUM FITTING ERROR =    6.250E-03
  
  H2          -0.141E+02   0.109E+01  -0.626E-01   0.291E-02
  H           -0.208E+02   0.382E+01  -0.420E+00   0.185E-01
  O           -0.158E+02   0.221E+01  -0.213E+00   0.963E-02
  O2          -0.179E+02   0.298E+01  -0.314E+00   0.140E-01
  OH          -0.158E+02   0.221E+01  -0.213E+00   0.963E-02
  H2O         -0.113E+02  -0.102E+01   0.367E+00  -0.214E-01
  HO2         -0.179E+02   0.298E+01  -0.314E+00   0.140E-01
  H2O2        -0.179E+02   0.298E+01  -0.314E+00   0.140E-01
  CH          -0.159E+02   0.221E+01  -0.213E+00   0.963E-02
  CH2         -0.207E+02   0.380E+01  -0.417E+00   0.184E-01
  CH2*        -0.207E+02   0.380E+01  -0.417E+00   0.184E-01
  CH3         -0.206E+02   0.380E+01  -0.417E+00   0.184E-01
  CH4         -0.204E+02   0.375E+01  -0.411E+00   0.181E-01
  CO          -0.175E+02   0.275E+01  -0.284E+00   0.127E-01
  CO2         -0.228E+02   0.462E+01  -0.500E+00   0.210E-01
  HCO         -0.158E+02   0.988E+00   0.701E-01  -0.765E-02
  CH2O        -0.157E+02   0.988E+00   0.701E-01  -0.765E-02
  CH3O        -0.171E+02   0.166E+01  -0.371E-01  -0.220E-02
  C2H2        -0.229E+02   0.457E+01  -0.504E+00   0.216E-01
  H2CC        -0.229E+02   0.457E+01  -0.504E+00   0.216E-01
  C2H3        -0.228E+02   0.457E+01  -0.504E+00   0.216E-01
  C2H4        -0.229E+02   0.444E+01  -0.462E+00   0.188E-01
  C2H5        -0.233E+02   0.459E+01  -0.493E+00   0.205E-01
  C2H6        -0.232E+02   0.459E+01  -0.493E+00   0.205E-01
  HCCO        -0.197E+02   0.393E+01  -0.434E+00   0.191E-01
  CH2CO       -0.184E+02   0.219E+01  -0.109E+00   0.991E-03
  CH2CHO      -0.183E+02   0.219E+01  -0.109E+00   0.991E-03
  CH3CHO      -0.183E+02   0.219E+01  -0.109E+00   0.991E-03
  aC3H5       -0.234E+02   0.454E+01  -0.481E+00   0.198E-01
  C3H6        -0.233E+02   0.454E+01  -0.481E+00   0.198E-01
  nC3H7       -0.233E+02   0.454E+01  -0.481E+00   0.198E-01
  N2          -0.174E+02   0.274E+01  -0.282E+00   0.127E-01



 COEFFICIENTS FOR SPECIES DIFFUSION COEFFICIENTS
 MAXIMUM FITTING ERROR =    4.133E-03
  
  H2        H2          -0.104E+02   0.223E+01  -0.811E-01   0.377E-02
  
  H         H2          -0.125E+02   0.322E+01  -0.211E+00   0.948E-02
  H         H           -0.152E+02   0.439E+01  -0.356E+00   0.154E-01
  
  O         H2          -0.117E+02   0.264E+01  -0.133E+00   0.595E-02
  O         H           -0.149E+02   0.408E+01  -0.319E+00   0.140E-01
  O         O           -0.141E+02   0.326E+01  -0.216E+00   0.969E-02
  
  O2        H2          -0.131E+02   0.309E+01  -0.195E+00   0.881E-02
  O2        H           -0.162E+02   0.442E+01  -0.358E+00   0.155E-01
  O2        O           -0.155E+02   0.367E+01  -0.270E+00   0.120E-01
  O2        O2          -0.163E+02   0.380E+01  -0.284E+00   0.125E-01
  
  OH        H2          -0.118E+02   0.264E+01  -0.133E+00   0.597E-02
  OH        H           -0.149E+02   0.408E+01  -0.320E+00   0.140E-01
  OH        O           -0.141E+02   0.326E+01  -0.217E+00   0.970E-02
  OH        O2          -0.155E+02   0.366E+01  -0.269E+00   0.120E-01
  OH        OH          -0.141E+02   0.326E+01  -0.216E+00   0.969E-02
  
  H2O       H2          -0.176E+02   0.478E+01  -0.400E+00   0.171E-01
  H2O       H           -0.162E+02   0.408E+01  -0.264E+00   0.937E-02
  H2O       O           -0.188E+02   0.485E+01  -0.400E+00   0.167E-01
  H2O       O2          -0.192E+02   0.471E+01  -0.362E+00   0.143E-01
  H2O       OH          -0.188E+02   0.485E+01  -0.400E+00   0.167E-01
  H2O       H2O         -0.116E+02   0.827E+00   0.251E+00  -0.161E-01
  
  HO2       H2          -0.131E+02   0.309E+01  -0.195E+00   0.882E-02
  HO2       H           -0.162E+02   0.442E+01  -0.358E+00   0.155E-01
  HO2       O           -0.155E+02   0.368E+01  -0.271E+00   0.121E-01
  HO2       O2          -0.163E+02   0.380E+01  -0.284E+00   0.125E-01
  HO2       OH          -0.155E+02   0.367E+01  -0.269E+00   0.120E-01
  HO2       H2O         -0.192E+02   0.476E+01  -0.375E+00   0.152E-01
  HO2       HO2         -0.164E+02   0.380E+01  -0.284E+00   0.125E-01
  
  H2O2      H2          -0.131E+02   0.309E+01  -0.195E+00   0.883E-02
  H2O2      H           -0.162E+02   0.442E+01  -0.359E+00   0.155E-01
  H2O2      O           -0.155E+02   0.368E+01  -0.272E+00   0.121E-01
  H2O2      O2          -0.164E+02   0.380E+01  -0.284E+00   0.125E-01
  H2O2      OH          -0.155E+02   0.367E+01  -0.270E+00   0.120E-01
  H2O2      H2O         -0.192E+02   0.475E+01  -0.374E+00   0.151E-01
  H2O2      HO2         -0.164E+02   0.380E+01  -0.284E+00   0.125E-01
  H2O2      H2O2        -0.164E+02   0.380E+01  -0.284E+00   0.125E-01
  
  CH        H2          -0.117E+02   0.263E+01  -0.131E+00   0.588E-02
  CH        H           -0.148E+02   0.407E+01  -0.318E+00   0.140E-01
  CH        O           -0.140E+02   0.327E+01  -0.217E+00   0.973E-02
  CH        O2          -0.155E+02   0.371E+01  -0.275E+00   0.123E-01
  CH        OH          -0.140E+02   0.327E+01  -0.218E+00   0.975E-02
  CH        H2O         -0.187E+02   0.484E+01  -0.398E+00   0.166E-01
  CH        HO2         -0.155E+02   0.372E+01  -0.276E+00   0.123E-01
  CH        H2O2        -0.156E+02   0.372E+01  -0.277E+00   0.123E-01
  CH        CH          -0.140E+02   0.326E+01  -0.216E+00   0.969E-02
  
  CH2       H2          -0.140E+02   0.341E+01  -0.237E+00   0.107E-01
  CH2       H           -0.167E+02   0.452E+01  -0.364E+00   0.154E-01
  CH2       O           -0.159E+02   0.384E+01  -0.290E+00   0.128E-01
  CH2       O2          -0.171E+02   0.413E+01  -0.324E+00   0.142E-01
  CH2       OH          -0.159E+02   0.384E+01  -0.290E+00   0.128E-01
  CH2       H2O         -0.192E+02   0.472E+01  -0.362E+00   0.142E-01
  CH2       HO2         -0.171E+02   0.413E+01  -0.324E+00   0.142E-01
  CH2       H2O2        -0.171E+02   0.413E+01  -0.325E+00   0.142E-01
  CH2       CH          -0.159E+02   0.385E+01  -0.291E+00   0.129E-01
  CH2       CH2         -0.177E+02   0.438E+01  -0.354E+00   0.153E-01
  
  CH2*      H2          -0.140E+02   0.341E+01  -0.237E+00   0.107E-01
  CH2*      H           -0.167E+02   0.452E+01  -0.364E+00   0.154E-01
  CH2*      O           -0.159E+02   0.384E+01  -0.290E+00   0.128E-01
  CH2*      O2          -0.171E+02   0.413E+01  -0.324E+00   0.142E-01
  CH2*      OH          -0.159E+02   0.384E+01  -0.290E+00   0.128E-01
  CH2*      H2O         -0.192E+02   0.472E+01  -0.362E+00   0.142E-01
  CH2*      HO2         -0.171E+02   0.413E+01  -0.324E+00   0.142E-01
  CH2*      H2O2        -0.171E+02   0.413E+01  -0.325E+00   0.142E-01
  CH2*      CH          -0.159E+02   0.385E+01  -0.291E+00   0.129E-01
  CH2*      CH2         -0.177E+02   0.438E+01  -0.354E+00   0.153E-01
  CH2*      CH2*        -0.177E+02   0.438E+01  -0.354E+00   0.153E-01
  
  CH3       H2          -0.140E+02   0.342E+01  -0.239E+00   0.108E-01
  CH3       H           -0.167E+02   0.452E+01  -0.364E+00   0.154E-01
  CH3       O           -0.160E+02   0.384E+01  -0.290E+00   0.128E-01
  CH3       O2          -0.171E+02   0.412E+01  -0.324E+00   0.141E-01
  CH3       OH          -0.160E+02   0.384E+01  -0.290E+00   0.128E-01
  CH3       H2O         -0.192E+02   0.472E+01  -0.362E+00   0.142E-01
  CH3       HO2         -0.171E+02   0.413E+01  -0.324E+00   0.142E-01
  CH3       H2O2        -0.171E+02   0.413E+01  -0.324E+00   0.142E-01
  CH3       CH          -0.159E+02   0.386E+01  -0.292E+00   0.129E-01
  CH3       CH2         -0.178E+02   0.438E+01  -0.354E+00   0.153E-01
  CH3       CH2*        -0.178E+02   0.438E+01  -0.354E+00   0.153E-01
  CH3       CH3         -0.178E+02   0.438E+01  -0.354E+00   0.153E-01
  
  CH4       H2          -0.139E+02   0.339E+01  -0.236E+00   0.106E-01
  CH4       H           -0.166E+02   0.450E+01  -0.362E+00   0.154E-01
  CH4       O           -0.159E+02   0.382E+01  -0.288E+00   0.127E-01
  CH4       O2          -0.171E+02   0.410E+01  -0.321E+00   0.140E-01
  CH4       OH          -0.159E+02   0.382E+01  -0.287E+00   0.127E-01
  CH4       H2O         -0.190E+02   0.454E+01  -0.329E+00   0.124E-01
  CH4       HO2         -0.171E+02   0.411E+01  -0.321E+00   0.141E-01
  CH4       H2O2        -0.171E+02   0.411E+01  -0.322E+00   0.141E-01
  CH4       CH          -0.159E+02   0.384E+01  -0.290E+00   0.128E-01
  CH4       CH2         -0.177E+02   0.435E+01  -0.351E+00   0.152E-01
  CH4       CH2*        -0.177E+02   0.435E+01  -0.351E+00   0.152E-01
  CH4       CH3         -0.177E+02   0.435E+01  -0.351E+00   0.152E-01
  CH4       CH4         -0.177E+02   0.434E+01  -0.349E+00   0.151E-01
  
  CO        H2          -0.129E+02   0.298E+01  -0.180E+00   0.814E-02
  CO        H           -0.164E+02   0.452E+01  -0.375E+00   0.164E-01
  CO        O           -0.152E+02   0.356E+01  -0.256E+00   0.114E-01
  CO        O2          -0.162E+02   0.373E+01  -0.276E+00   0.122E-01
  CO        OH          -0.152E+02   0.355E+01  -0.255E+00   0.114E-01
  CO        H2O         -0.194E+02   0.478E+01  -0.374E+00   0.149E-01
  CO        HO2         -0.162E+02   0.373E+01  -0.276E+00   0.122E-01
  CO        H2O2        -0.162E+02   0.374E+01  -0.276E+00   0.122E-01
  CO        CH          -0.153E+02   0.360E+01  -0.261E+00   0.117E-01
  CO        CH2         -0.169E+02   0.407E+01  -0.318E+00   0.140E-01
  CO        CH2*        -0.169E+02   0.407E+01  -0.318E+00   0.140E-01
  CO        CH3         -0.170E+02   0.407E+01  -0.318E+00   0.139E-01
  CO        CH4         -0.169E+02   0.405E+01  -0.315E+00   0.138E-01
  CO        CO          -0.159E+02   0.365E+01  -0.265E+00   0.118E-01
  
  CO2       H2          -0.156E+02   0.399E+01  -0.311E+00   0.138E-01
  CO2       H           -0.166E+02   0.432E+01  -0.318E+00   0.126E-01
  CO2       O           -0.177E+02   0.437E+01  -0.352E+00   0.152E-01
  CO2       O2          -0.187E+02   0.457E+01  -0.376E+00   0.161E-01
  CO2       OH          -0.177E+02   0.437E+01  -0.352E+00   0.152E-01
  CO2       H2O         -0.172E+02   0.349E+01  -0.163E+00   0.404E-02
  CO2       HO2         -0.187E+02   0.457E+01  -0.376E+00   0.162E-01
  CO2       H2O2        -0.187E+02   0.457E+01  -0.376E+00   0.162E-01
  CO2       CH          -0.176E+02   0.438E+01  -0.353E+00   0.152E-01
  CO2       CH2         -0.191E+02   0.472E+01  -0.387E+00   0.163E-01
  CO2       CH2*        -0.191E+02   0.472E+01  -0.387E+00   0.163E-01
  CO2       CH3         -0.191E+02   0.473E+01  -0.388E+00   0.164E-01
  CO2       CH4         -0.191E+02   0.473E+01  -0.389E+00   0.164E-01
  CO2       CO          -0.186E+02   0.452E+01  -0.371E+00   0.160E-01
  CO2       CO2         -0.202E+02   0.488E+01  -0.395E+00   0.162E-01
  
  HCO       H2          -0.169E+02   0.442E+01  -0.356E+00   0.153E-01
  HCO       H           -0.157E+02   0.371E+01  -0.210E+00   0.679E-02
  HCO       O           -0.189E+02   0.475E+01  -0.388E+00   0.162E-01
  HCO       O2          -0.198E+02   0.488E+01  -0.398E+00   0.164E-01
  HCO       OH          -0.189E+02   0.476E+01  -0.389E+00   0.163E-01
  HCO       H2O         -0.147E+02   0.230E+01   0.179E-01  -0.473E-02
  HCO       HO2         -0.198E+02   0.488E+01  -0.398E+00   0.164E-01
  HCO       H2O2        -0.198E+02   0.487E+01  -0.398E+00   0.164E-01
  HCO       CH          -0.188E+02   0.472E+01  -0.383E+00   0.160E-01
  HCO       CH2         -0.195E+02   0.474E+01  -0.368E+00   0.146E-01
  HCO       CH2*        -0.195E+02   0.474E+01  -0.368E+00   0.146E-01
  HCO       CH3         -0.196E+02   0.475E+01  -0.370E+00   0.147E-01
  HCO       CH4         -0.196E+02   0.477E+01  -0.373E+00   0.149E-01
  HCO       CO          -0.197E+02   0.485E+01  -0.398E+00   0.165E-01
  HCO       CO2         -0.193E+02   0.431E+01  -0.290E+00   0.104E-01
  HCO       HCO         -0.160E+02   0.273E+01  -0.463E-01  -0.167E-02
  
  CH2O      H2          -0.169E+02   0.442E+01  -0.356E+00   0.153E-01
  CH2O      H           -0.157E+02   0.371E+01  -0.210E+00   0.675E-02
  CH2O      O           -0.189E+02   0.475E+01  -0.387E+00   0.162E-01
  CH2O      O2          -0.198E+02   0.488E+01  -0.398E+00   0.164E-01
  CH2O      OH          -0.189E+02   0.476E+01  -0.389E+00   0.163E-01
  CH2O      H2O         -0.147E+02   0.230E+01   0.181E-01  -0.473E-02
  CH2O      HO2         -0.198E+02   0.488E+01  -0.398E+00   0.164E-01
  CH2O      H2O2        -0.198E+02   0.488E+01  -0.398E+00   0.164E-01
  CH2O      CH          -0.187E+02   0.472E+01  -0.382E+00   0.159E-01
  CH2O      CH2         -0.195E+02   0.473E+01  -0.366E+00   0.146E-01
  CH2O      CH2*        -0.195E+02   0.473E+01  -0.366E+00   0.146E-01
  CH2O      CH3         -0.196E+02   0.474E+01  -0.369E+00   0.147E-01
  CH2O      CH4         -0.196E+02   0.476E+01  -0.372E+00   0.149E-01
  CH2O      CO          -0.197E+02   0.485E+01  -0.398E+00   0.165E-01
  CH2O      CO2         -0.193E+02   0.431E+01  -0.291E+00   0.104E-01
  CH2O      HCO         -0.160E+02   0.273E+01  -0.463E-01  -0.167E-02
  CH2O      CH2O        -0.160E+02   0.273E+01  -0.463E-01  -0.167E-02
  
  CH3O      H2          -0.170E+02   0.448E+01  -0.368E+00   0.160E-01
  CH3O      H           -0.159E+02   0.386E+01  -0.237E+00   0.821E-02
  CH3O      O           -0.187E+02   0.471E+01  -0.388E+00   0.164E-01
  CH3O      O2          -0.197E+02   0.487E+01  -0.400E+00   0.166E-01
  CH3O      OH          -0.187E+02   0.472E+01  -0.389E+00   0.164E-01
  CH3O      H2O         -0.143E+02   0.207E+01   0.555E-01  -0.658E-02
  CH3O      HO2         -0.196E+02   0.485E+01  -0.400E+00   0.167E-01
  CH3O      H2O2        -0.196E+02   0.485E+01  -0.400E+00   0.167E-01
  CH3O      CH          -0.186E+02   0.469E+01  -0.384E+00   0.162E-01
  CH3O      CH2         -0.196E+02   0.479E+01  -0.380E+00   0.154E-01
  CH3O      CH2*        -0.196E+02   0.479E+01  -0.380E+00   0.154E-01
  CH3O      CH3         -0.196E+02   0.480E+01  -0.382E+00   0.155E-01
  CH3O      CH4         -0.197E+02   0.481E+01  -0.381E+00   0.154E-01
  CH3O      CO          -0.197E+02   0.486E+01  -0.402E+00   0.168E-01
  CH3O      CO2         -0.196E+02   0.446E+01  -0.316E+00   0.117E-01
  CH3O      HCO         -0.171E+02   0.325E+01  -0.124E+00   0.209E-02
  CH3O      CH2O        -0.171E+02   0.325E+01  -0.124E+00   0.209E-02
  CH3O      CH3O        -0.170E+02   0.317E+01  -0.114E+00   0.167E-02
  
  C2H2      H2          -0.155E+02   0.394E+01  -0.307E+00   0.138E-01
  C2H2      H           -0.169E+02   0.441E+01  -0.335E+00   0.135E-01
  C2H2      O           -0.173E+02   0.425E+01  -0.339E+00   0.148E-01
  C2H2      O2          -0.183E+02   0.445E+01  -0.362E+00   0.157E-01
  C2H2      OH          -0.173E+02   0.424E+01  -0.339E+00   0.148E-01
  C2H2      H2O         -0.187E+02   0.425E+01  -0.282E+00   0.100E-01
  C2H2      HO2         -0.183E+02   0.445E+01  -0.362E+00   0.157E-01
  C2H2      H2O2        -0.183E+02   0.445E+01  -0.362E+00   0.157E-01
  C2H2      CH          -0.173E+02   0.427E+01  -0.342E+00   0.149E-01
  C2H2      CH2         -0.189E+02   0.468E+01  -0.387E+00   0.165E-01
  C2H2      CH2*        -0.189E+02   0.468E+01  -0.387E+00   0.165E-01
  C2H2      CH3         -0.189E+02   0.469E+01  -0.388E+00   0.165E-01
  C2H2      CH4         -0.189E+02   0.467E+01  -0.386E+00   0.165E-01
  C2H2      CO          -0.181E+02   0.436E+01  -0.352E+00   0.152E-01
  C2H2      CO2         -0.199E+02   0.483E+01  -0.393E+00   0.162E-01
  C2H2      HCO         -0.196E+02   0.453E+01  -0.326E+00   0.123E-01
  C2H2      CH2O        -0.196E+02   0.452E+01  -0.326E+00   0.123E-01
  C2H2      CH3O        -0.199E+02   0.469E+01  -0.356E+00   0.139E-01
  C2H2      C2H2        -0.198E+02   0.485E+01  -0.400E+00   0.168E-01
  
  H2CC      H2          -0.155E+02   0.394E+01  -0.307E+00   0.138E-01
  H2CC      H           -0.169E+02   0.441E+01  -0.335E+00   0.135E-01
  H2CC      O           -0.173E+02   0.425E+01  -0.339E+00   0.148E-01
  H2CC      O2          -0.183E+02   0.445E+01  -0.362E+00   0.157E-01
  H2CC      OH          -0.173E+02   0.424E+01  -0.339E+00   0.148E-01
  H2CC      H2O         -0.187E+02   0.425E+01  -0.282E+00   0.100E-01
  H2CC      HO2         -0.183E+02   0.445E+01  -0.362E+00   0.157E-01
  H2CC      H2O2        -0.183E+02   0.445E+01  -0.362E+00   0.157E-01
  H2CC      CH          -0.173E+02   0.427E+01  -0.342E+00   0.149E-01
  H2CC      CH2         -0.189E+02   0.468E+01  -0.387E+00   0.165E-01
  H2CC      CH2*        -0.189E+02   0.468E+01  -0.387E+00   0.165E-01
  H2CC      CH3         -0.189E+02   0.469E+01  -0.388E+00   0.165E-01
  H2CC      CH4         -0.189E+02   0.467E+01  -0.386E+00   0.165E-01
  H2CC      CO          -0.181E+02   0.436E+01  -0.352E+00   0.152E-01
  H2CC      CO2         -0.199E+02   0.483E+01  -0.393E+00   0.162E-01
  H2CC      HCO         -0.196E+02   0.453E+01  -0.326E+00   0.123E-01
  H2CC      CH2O        -0.196E+02   0.452E+01  -0.326E+00   0.123E-01
  H2CC      CH3O        -0.199E+02   0.469E+01  -0.356E+00   0.139E-01
  H2CC      C2H2        -0.198E+02   0.485E+01  -0.400E+00   0.168E-01
  H2CC      H2CC        -0.198E+02   0.485E+01  -0.400E+00   0.168E-01
  
  C2H3      H2          -0.155E+02   0.394E+01  -0.308E+00   0.138E-01
  C2H3      H           -0.169E+02   0.441E+01  -0.335E+00   0.135E-01
  C2H3      O           -0.173E+02   0.425E+01  -0.340E+00   0.148E-01
  C2H3      O2          -0.183E+02   0.445E+01  -0.363E+00   0.157E-01
  C2H3      OH          -0.173E+02   0.425E+01  -0.339E+00   0.148E-01
  C2H3      H2O         -0.187E+02   0.424E+01  -0.280E+00   0.993E-02
  C2H3      HO2         -0.183E+02   0.445E+01  -0.363E+00   0.157E-01
  C2H3      H2O2        -0.183E+02   0.445E+01  -0.362E+00   0.157E-01
  C2H3      CH          -0.173E+02   0.428E+01  -0.343E+00   0.149E-01
  C2H3      CH2         -0.189E+02   0.468E+01  -0.387E+00   0.165E-01
  C2H3      CH2*        -0.189E+02   0.468E+01  -0.387E+00   0.165E-01
  C2H3      CH3         -0.189E+02   0.468E+01  -0.387E+00   0.165E-01
  C2H3      CH4         -0.189E+02   0.467E+01  -0.386E+00   0.165E-01
  C2H3      CO          -0.181E+02   0.436E+01  -0.352E+00   0.152E-01
  C2H3      CO2         -0.199E+02   0.484E+01  -0.394E+00   0.163E-01
  C2H3      HCO         -0.196E+02   0.453E+01  -0.326E+00   0.123E-01
  C2H3      CH2O        -0.196E+02   0.453E+01  -0.326E+00   0.123E-01
  C2H3      CH3O        -0.199E+02   0.469E+01  -0.356E+00   0.139E-01
  C2H3      C2H2        -0.198E+02   0.485E+01  -0.400E+00   0.168E-01
  C2H3      H2CC        -0.198E+02   0.485E+01  -0.400E+00   0.168E-01
  C2H3      C2H3        -0.198E+02   0.485E+01  -0.400E+00   0.168E-01
  
  C2H4      H2          -0.161E+02   0.415E+01  -0.331E+00   0.147E-01
  C2H4      H           -0.164E+02   0.412E+01  -0.285E+00   0.109E-01
  C2H4      O           -0.179E+02   0.446E+01  -0.362E+00   0.156E-01
  C2H4      O2          -0.190E+02   0.470E+01  -0.390E+00   0.167E-01
  C2H4      OH          -0.180E+02   0.446E+01  -0.362E+00   0.156E-01
  C2H4      H2O         -0.177E+02   0.372E+01  -0.198E+00   0.580E-02
  C2H4      HO2         -0.191E+02   0.470E+01  -0.390E+00   0.167E-01
  C2H4      H2O2        -0.191E+02   0.470E+01  -0.390E+00   0.167E-01
  C2H4      CH          -0.179E+02   0.446E+01  -0.362E+00   0.156E-01
  C2H4      CH2         -0.193E+02   0.478E+01  -0.392E+00   0.164E-01
  C2H4      CH2*        -0.193E+02   0.478E+01  -0.392E+00   0.164E-01
  C2H4      CH3         -0.193E+02   0.479E+01  -0.393E+00   0.165E-01
  C2H4      CH4         -0.193E+02   0.479E+01  -0.394E+00   0.165E-01
  C2H4      CO          -0.188E+02   0.461E+01  -0.379E+00   0.163E-01
  C2H4      CO2         -0.201E+02   0.481E+01  -0.380E+00   0.153E-01
  C2H4      HCO         -0.189E+02   0.412E+01  -0.259E+00   0.882E-02
  C2H4      CH2O        -0.189E+02   0.412E+01  -0.259E+00   0.882E-02
  C2H4      CH3O        -0.194E+02   0.440E+01  -0.305E+00   0.111E-01
  C2H4      C2H2        -0.201E+02   0.488E+01  -0.396E+00   0.162E-01
  C2H4      H2CC        -0.201E+02   0.488E+01  -0.396E+00   0.162E-01
  C2H4      C2H3        -0.201E+02   0.488E+01  -0.396E+00   0.162E-01
  C2H4      C2H4        -0.200E+02   0.476E+01  -0.368E+00   0.146E-01
  
  C2H5      H2          -0.160E+02   0.408E+01  -0.323E+00   0.143E-01
  C2H5      H           -0.165E+02   0.414E+01  -0.290E+00   0.111E-01
  C2H5      O           -0.178E+02   0.438E+01  -0.353E+00   0.153E-01
  C2H5      O2          -0.188E+02   0.459E+01  -0.378E+00   0.162E-01
  C2H5      OH          -0.178E+02   0.438E+01  -0.353E+00   0.153E-01
  C2H5      H2O         -0.182E+02   0.392E+01  -0.229E+00   0.735E-02
  C2H5      HO2         -0.188E+02   0.459E+01  -0.378E+00   0.162E-01
  C2H5      H2O2        -0.188E+02   0.459E+01  -0.378E+00   0.162E-01
  C2H5      CH          -0.178E+02   0.440E+01  -0.355E+00   0.153E-01
  C2H5      CH2         -0.192E+02   0.474E+01  -0.389E+00   0.164E-01
  C2H5      CH2*        -0.192E+02   0.474E+01  -0.389E+00   0.164E-01
  C2H5      CH3         -0.193E+02   0.475E+01  -0.391E+00   0.165E-01
  C2H5      CH4         -0.193E+02   0.475E+01  -0.392E+00   0.165E-01
  C2H5      CO          -0.187E+02   0.455E+01  -0.374E+00   0.161E-01
  C2H5      CO2         -0.202E+02   0.485E+01  -0.389E+00   0.158E-01
  C2H5      HCO         -0.193E+02   0.430E+01  -0.287E+00   0.103E-01
  C2H5      CH2O        -0.193E+02   0.430E+01  -0.288E+00   0.103E-01
  C2H5      CH3O        -0.197E+02   0.453E+01  -0.326E+00   0.123E-01
  C2H5      C2H2        -0.200E+02   0.487E+01  -0.398E+00   0.164E-01
  C2H5      H2CC        -0.200E+02   0.487E+01  -0.398E+00   0.164E-01
  C2H5      C2H3        -0.201E+02   0.487E+01  -0.398E+00   0.164E-01
  C2H5      C2H4        -0.202E+02   0.482E+01  -0.381E+00   0.153E-01
  C2H5      C2H5        -0.202E+02   0.486E+01  -0.390E+00   0.158E-01
  
  C2H6      H2          -0.160E+02   0.408E+01  -0.323E+00   0.143E-01
  C2H6      H           -0.165E+02   0.414E+01  -0.289E+00   0.111E-01
  C2H6      O           -0.178E+02   0.439E+01  -0.354E+00   0.153E-01
  C2H6      O2          -0.188E+02   0.459E+01  -0.378E+00   0.162E-01
  C2H6      OH          -0.178E+02   0.438E+01  -0.353E+00   0.153E-01
  C2H6      H2O         -0.181E+02   0.391E+01  -0.227E+00   0.728E-02
  C2H6      HO2         -0.188E+02   0.459E+01  -0.378E+00   0.162E-01
  C2H6      H2O2        -0.189E+02   0.459E+01  -0.378E+00   0.162E-01
  C2H6      CH          -0.178E+02   0.440E+01  -0.355E+00   0.153E-01
  C2H6      CH2         -0.192E+02   0.474E+01  -0.389E+00   0.164E-01
  C2H6      CH2*        -0.192E+02   0.474E+01  -0.389E+00   0.164E-01
  C2H6      CH3         -0.193E+02   0.474E+01  -0.390E+00   0.164E-01
  C2H6      CH4         -0.193E+02   0.475E+01  -0.391E+00   0.165E-01
  C2H6      CO          -0.187E+02   0.455E+01  -0.374E+00   0.161E-01
  C2H6      CO2         -0.202E+02   0.485E+01  -0.390E+00   0.159E-01
  C2H6      HCO         -0.193E+02   0.429E+01  -0.287E+00   0.102E-01
  C2H6      CH2O        -0.193E+02   0.430E+01  -0.287E+00   0.103E-01
  C2H6      CH3O        -0.197E+02   0.453E+01  -0.326E+00   0.123E-01
  C2H6      C2H2        -0.200E+02   0.487E+01  -0.397E+00   0.164E-01
  C2H6      H2CC        -0.200E+02   0.487E+01  -0.397E+00   0.164E-01
  C2H6      C2H3        -0.201E+02   0.487E+01  -0.398E+00   0.164E-01
  C2H6      C2H4        -0.202E+02   0.482E+01  -0.381E+00   0.153E-01
  C2H6      C2H5        -0.202E+02   0.486E+01  -0.390E+00   0.158E-01
  C2H6      C2H6        -0.202E+02   0.486E+01  -0.390E+00   0.158E-01
  
  HCCO      H2          -0.136E+02   0.339E+01  -0.234E+00   0.105E-01
  HCCO      H           -0.161E+02   0.450E+01  -0.365E+00   0.156E-01
  HCCO      O           -0.159E+02   0.391E+01  -0.298E+00   0.131E-01
  HCCO      O2          -0.171E+02   0.415E+01  -0.328E+00   0.143E-01
  HCCO      OH          -0.159E+02   0.390E+01  -0.297E+00   0.131E-01
  HCCO      H2O         -0.188E+02   0.462E+01  -0.345E+00   0.133E-01
  HCCO      HO2         -0.171E+02   0.415E+01  -0.328E+00   0.143E-01
  HCCO      H2O2        -0.171E+02   0.415E+01  -0.328E+00   0.143E-01
  HCCO      CH          -0.159E+02   0.393E+01  -0.300E+00   0.132E-01
  HCCO      CH2         -0.177E+02   0.444E+01  -0.361E+00   0.156E-01
  HCCO      CH2*        -0.177E+02   0.444E+01  -0.361E+00   0.156E-01
  HCCO      CH3         -0.178E+02   0.444E+01  -0.361E+00   0.156E-01
  HCCO      CH4         -0.177E+02   0.441E+01  -0.358E+00   0.155E-01
  HCCO      CO          -0.168E+02   0.406E+01  -0.316E+00   0.138E-01
  HCCO      CO2         -0.192E+02   0.477E+01  -0.395E+00   0.167E-01
  HCCO      HCO         -0.196E+02   0.479E+01  -0.375E+00   0.149E-01
  HCCO      CH2O        -0.196E+02   0.479E+01  -0.375E+00   0.149E-01
  HCCO      CH3O        -0.196E+02   0.485E+01  -0.388E+00   0.158E-01
  HCCO      C2H2        -0.189E+02   0.472E+01  -0.391E+00   0.167E-01
  HCCO      H2CC        -0.189E+02   0.472E+01  -0.391E+00   0.167E-01
  HCCO      C2H3        -0.189E+02   0.472E+01  -0.391E+00   0.167E-01
  HCCO      C2H4        -0.193E+02   0.482E+01  -0.398E+00   0.167E-01
  HCCO      C2H5        -0.193E+02   0.479E+01  -0.396E+00   0.167E-01
  HCCO      C2H6        -0.193E+02   0.479E+01  -0.396E+00   0.167E-01
  HCCO      HCCO        -0.177E+02   0.446E+01  -0.363E+00   0.157E-01
  
  CH2CO     H2          -0.170E+02   0.444E+01  -0.362E+00   0.157E-01
  CH2CO     H           -0.156E+02   0.362E+01  -0.199E+00   0.627E-02
  CH2CO     O           -0.188E+02   0.468E+01  -0.380E+00   0.159E-01
  CH2CO     O2          -0.198E+02   0.483E+01  -0.396E+00   0.165E-01
  CH2CO     OH          -0.189E+02   0.469E+01  -0.382E+00   0.160E-01
  CH2CO     H2O         -0.155E+02   0.263E+01  -0.326E-01  -0.224E-02
  CH2CO     HO2         -0.198E+02   0.484E+01  -0.396E+00   0.165E-01
  CH2CO     H2O2        -0.198E+02   0.484E+01  -0.397E+00   0.165E-01
  CH2CO     CH          -0.187E+02   0.466E+01  -0.376E+00   0.157E-01
  CH2CO     CH2         -0.195E+02   0.468E+01  -0.363E+00   0.145E-01
  CH2CO     CH2*        -0.195E+02   0.468E+01  -0.363E+00   0.145E-01
  CH2CO     CH3         -0.195E+02   0.470E+01  -0.365E+00   0.146E-01
  CH2CO     CH4         -0.196E+02   0.472E+01  -0.369E+00   0.148E-01
  CH2CO     CO          -0.197E+02   0.481E+01  -0.396E+00   0.166E-01
  CH2CO     CO2         -0.198E+02   0.452E+01  -0.324E+00   0.122E-01
  CH2CO     HCO         -0.170E+02   0.311E+01  -0.103E+00   0.109E-02
  CH2CO     CH2O        -0.170E+02   0.311E+01  -0.103E+00   0.111E-02
  CH2CO     CH3O        -0.180E+02   0.357E+01  -0.173E+00   0.450E-02
  CH2CO     C2H2        -0.199E+02   0.462E+01  -0.343E+00   0.132E-01
  CH2CO     H2CC        -0.199E+02   0.462E+01  -0.343E+00   0.132E-01
  CH2CO     C2H3        -0.199E+02   0.462E+01  -0.344E+00   0.133E-01
  CH2CO     C2H4        -0.194E+02   0.431E+01  -0.291E+00   0.104E-01
  CH2CO     C2H5        -0.197E+02   0.445E+01  -0.314E+00   0.117E-01
  CH2CO     C2H6        -0.198E+02   0.446E+01  -0.315E+00   0.117E-01
  CH2CO     HCCO        -0.197E+02   0.480E+01  -0.381E+00   0.154E-01
  CH2CO     CH2CO       -0.180E+02   0.349E+01  -0.160E+00   0.388E-02
  
  CH2CHO    H2          -0.170E+02   0.444E+01  -0.362E+00   0.157E-01
  CH2CHO    H           -0.156E+02   0.362E+01  -0.198E+00   0.625E-02
  CH2CHO    O           -0.188E+02   0.468E+01  -0.380E+00   0.159E-01
  CH2CHO    O2          -0.198E+02   0.483E+01  -0.395E+00   0.164E-01
  CH2CHO    OH          -0.189E+02   0.469E+01  -0.381E+00   0.160E-01
  CH2CHO    H2O         -0.155E+02   0.263E+01  -0.322E-01  -0.225E-02
  CH2CHO    HO2         -0.198E+02   0.483E+01  -0.396E+00   0.165E-01
  CH2CHO    H2O2        -0.198E+02   0.484E+01  -0.396E+00   0.165E-01
  CH2CHO    CH          -0.187E+02   0.465E+01  -0.375E+00   0.157E-01
  CH2CHO    CH2         -0.195E+02   0.468E+01  -0.362E+00   0.145E-01
  CH2CHO    CH2*        -0.195E+02   0.468E+01  -0.362E+00   0.145E-01
  CH2CHO    CH3         -0.195E+02   0.469E+01  -0.365E+00   0.146E-01
  CH2CHO    CH4         -0.196E+02   0.471E+01  -0.368E+00   0.148E-01
  CH2CHO    CO          -0.197E+02   0.481E+01  -0.395E+00   0.165E-01
  CH2CHO    CO2         -0.198E+02   0.452E+01  -0.324E+00   0.122E-01
  CH2CHO    HCO         -0.170E+02   0.311E+01  -0.103E+00   0.108E-02
  CH2CHO    CH2O        -0.170E+02   0.311E+01  -0.103E+00   0.110E-02
  CH2CHO    CH3O        -0.180E+02   0.357E+01  -0.172E+00   0.449E-02
  CH2CHO    C2H2        -0.199E+02   0.461E+01  -0.343E+00   0.132E-01
  CH2CHO    H2CC        -0.199E+02   0.461E+01  -0.343E+00   0.132E-01
  CH2CHO    C2H3        -0.199E+02   0.462E+01  -0.344E+00   0.132E-01
  CH2CHO    C2H4        -0.194E+02   0.431E+01  -0.290E+00   0.104E-01
  CH2CHO    C2H5        -0.197E+02   0.445E+01  -0.314E+00   0.116E-01
  CH2CHO    C2H6        -0.198E+02   0.445E+01  -0.314E+00   0.117E-01
  CH2CHO    HCCO        -0.197E+02   0.480E+01  -0.380E+00   0.153E-01
  CH2CHO    CH2CO       -0.180E+02   0.349E+01  -0.160E+00   0.388E-02
  CH2CHO    CH2CHO      -0.180E+02   0.349E+01  -0.160E+00   0.388E-02
  
  CH3CHO    H2          -0.170E+02   0.444E+01  -0.362E+00   0.157E-01
  CH3CHO    H           -0.155E+02   0.362E+01  -0.198E+00   0.623E-02
  CH3CHO    O           -0.188E+02   0.468E+01  -0.379E+00   0.159E-01
  CH3CHO    O2          -0.198E+02   0.483E+01  -0.395E+00   0.164E-01
  CH3CHO    OH          -0.189E+02   0.469E+01  -0.381E+00   0.160E-01
  CH3CHO    H2O         -0.155E+02   0.263E+01  -0.319E-01  -0.227E-02
  CH3CHO    HO2         -0.198E+02   0.483E+01  -0.395E+00   0.164E-01
  CH3CHO    H2O2        -0.198E+02   0.483E+01  -0.396E+00   0.165E-01
  CH3CHO    CH          -0.187E+02   0.465E+01  -0.375E+00   0.156E-01
  CH3CHO    CH2         -0.195E+02   0.467E+01  -0.361E+00   0.144E-01
  CH3CHO    CH2*        -0.195E+02   0.467E+01  -0.361E+00   0.144E-01
  CH3CHO    CH3         -0.195E+02   0.469E+01  -0.364E+00   0.145E-01
  CH3CHO    CH4         -0.196E+02   0.471E+01  -0.367E+00   0.147E-01
  CH3CHO    CO          -0.197E+02   0.481E+01  -0.395E+00   0.165E-01
  CH3CHO    CO2         -0.198E+02   0.451E+01  -0.324E+00   0.122E-01
  CH3CHO    HCO         -0.170E+02   0.311E+01  -0.102E+00   0.107E-02
  CH3CHO    CH2O        -0.170E+02   0.311E+01  -0.103E+00   0.108E-02
  CH3CHO    CH3O        -0.180E+02   0.356E+01  -0.172E+00   0.447E-02
  CH3CHO    C2H2        -0.199E+02   0.461E+01  -0.342E+00   0.131E-01
  CH3CHO    H2CC        -0.199E+02   0.461E+01  -0.342E+00   0.131E-01
  CH3CHO    C2H3        -0.199E+02   0.462E+01  -0.343E+00   0.132E-01
  CH3CHO    C2H4        -0.194E+02   0.431E+01  -0.290E+00   0.104E-01
  CH3CHO    C2H5        -0.197E+02   0.445E+01  -0.313E+00   0.116E-01
  CH3CHO    C2H6        -0.198E+02   0.445E+01  -0.314E+00   0.116E-01
  CH3CHO    HCCO        -0.197E+02   0.480E+01  -0.379E+00   0.153E-01
  CH3CHO    CH2CO       -0.180E+02   0.349E+01  -0.160E+00   0.387E-02
  CH3CHO    CH2CHO      -0.180E+02   0.349E+01  -0.160E+00   0.388E-02
  CH3CHO    CH3CHO      -0.180E+02   0.349E+01  -0.160E+00   0.388E-02
  
  aC3H5     H2          -0.167E+02   0.429E+01  -0.351E+00   0.156E-01
  aC3H5     H           -0.162E+02   0.387E+01  -0.242E+00   0.859E-02
  aC3H5     O           -0.183E+02   0.448E+01  -0.364E+00   0.156E-01
  aC3H5     O2          -0.192E+02   0.464E+01  -0.382E+00   0.163E-01
  aC3H5     OH          -0.183E+02   0.448E+01  -0.363E+00   0.156E-01
  aC3H5     H2O         -0.178E+02   0.362E+01  -0.185E+00   0.522E-02
  aC3H5     HO2         -0.192E+02   0.464E+01  -0.382E+00   0.163E-01
  aC3H5     H2O2        -0.192E+02   0.464E+01  -0.382E+00   0.164E-01
  aC3H5     CH          -0.183E+02   0.449E+01  -0.365E+00   0.156E-01
  aC3H5     CH2         -0.194E+02   0.468E+01  -0.377E+00   0.157E-01
  aC3H5     CH2*        -0.194E+02   0.468E+01  -0.377E+00   0.157E-01
  aC3H5     CH3         -0.194E+02   0.469E+01  -0.378E+00   0.158E-01
  aC3H5     CH4         -0.194E+02   0.469E+01  -0.380E+00   0.159E-01
  aC3H5     CO          -0.190E+02   0.457E+01  -0.374E+00   0.160E-01
  aC3H5     CO2         -0.204E+02   0.484E+01  -0.386E+00   0.156E-01
  aC3H5     HCO         -0.193E+02   0.415E+01  -0.265E+00   0.911E-02
  aC3H5     CH2O        -0.193E+02   0.415E+01  -0.266E+00   0.916E-02
  aC3H5     CH3O        -0.197E+02   0.440E+01  -0.306E+00   0.112E-01
  aC3H5     C2H2        -0.202E+02   0.482E+01  -0.388E+00   0.159E-01
  aC3H5     H2CC        -0.202E+02   0.482E+01  -0.388E+00   0.159E-01
  aC3H5     C2H3        -0.202E+02   0.483E+01  -0.389E+00   0.159E-01
  aC3H5     C2H4        -0.202E+02   0.474E+01  -0.366E+00   0.145E-01
  aC3H5     C2H5        -0.204E+02   0.481E+01  -0.380E+00   0.153E-01
  aC3H5     C2H6        -0.204E+02   0.481E+01  -0.381E+00   0.153E-01
  aC3H5     HCCO        -0.196E+02   0.476E+01  -0.389E+00   0.163E-01
  aC3H5     CH2CO       -0.199E+02   0.440E+01  -0.306E+00   0.112E-01
  aC3H5     CH2CHO      -0.199E+02   0.441E+01  -0.306E+00   0.112E-01
  aC3H5     CH3CHO      -0.199E+02   0.441E+01  -0.306E+00   0.112E-01
  aC3H5     aC3H5       -0.207E+02   0.482E+01  -0.381E+00   0.153E-01
  
  C3H6      H2          -0.167E+02   0.429E+01  -0.351E+00   0.156E-01
  C3H6      H           -0.162E+02   0.386E+01  -0.242E+00   0.857E-02
  C3H6      O           -0.183E+02   0.448E+01  -0.364E+00   0.156E-01
  C3H6      O2          -0.192E+02   0.464E+01  -0.382E+00   0.163E-01
  C3H6      OH          -0.184E+02   0.448E+01  -0.364E+00   0.156E-01
  C3H6      H2O         -0.178E+02   0.361E+01  -0.183E+00   0.516E-02
  C3H6      HO2         -0.192E+02   0.464E+01  -0.382E+00   0.163E-01
  C3H6      H2O2        -0.192E+02   0.464E+01  -0.382E+00   0.163E-01
  C3H6      CH          -0.183E+02   0.450E+01  -0.365E+00   0.156E-01
  C3H6      CH2         -0.194E+02   0.467E+01  -0.376E+00   0.156E-01
  C3H6      CH2*        -0.194E+02   0.467E+01  -0.376E+00   0.156E-01
  C3H6      CH3         -0.194E+02   0.468E+01  -0.378E+00   0.157E-01
  C3H6      CH4         -0.194E+02   0.469E+01  -0.379E+00   0.158E-01
  C3H6      CO          -0.190E+02   0.457E+01  -0.374E+00   0.160E-01
  C3H6      CO2         -0.204E+02   0.484E+01  -0.386E+00   0.156E-01
  C3H6      HCO         -0.193E+02   0.414E+01  -0.264E+00   0.907E-02
  C3H6      CH2O        -0.193E+02   0.415E+01  -0.265E+00   0.912E-02
  C3H6      CH3O        -0.197E+02   0.440E+01  -0.305E+00   0.112E-01
  C3H6      C2H2        -0.202E+02   0.482E+01  -0.387E+00   0.158E-01
  C3H6      H2CC        -0.202E+02   0.482E+01  -0.387E+00   0.158E-01
  C3H6      C2H3        -0.202E+02   0.482E+01  -0.388E+00   0.159E-01
  C3H6      C2H4        -0.202E+02   0.473E+01  -0.366E+00   0.145E-01
  C3H6      C2H5        -0.204E+02   0.480E+01  -0.380E+00   0.153E-01
  C3H6      C2H6        -0.204E+02   0.481E+01  -0.380E+00   0.153E-01
  C3H6      HCCO        -0.196E+02   0.476E+01  -0.389E+00   0.163E-01
  C3H6      CH2CO       -0.199E+02   0.440E+01  -0.305E+00   0.112E-01
  C3H6      CH2CHO      -0.199E+02   0.440E+01  -0.306E+00   0.112E-01
  C3H6      CH3CHO      -0.199E+02   0.441E+01  -0.306E+00   0.112E-01
  C3H6      aC3H5       -0.207E+02   0.482E+01  -0.381E+00   0.153E-01
  C3H6      C3H6        -0.207E+02   0.482E+01  -0.381E+00   0.153E-01
  
  nC3H7     H2          -0.167E+02   0.430E+01  -0.352E+00   0.156E-01
  nC3H7     H           -0.162E+02   0.386E+01  -0.241E+00   0.855E-02
  nC3H7     O           -0.184E+02   0.448E+01  -0.364E+00   0.156E-01
  nC3H7     O2          -0.192E+02   0.464E+01  -0.382E+00   0.163E-01
  nC3H7     OH          -0.184E+02   0.448E+01  -0.364E+00   0.156E-01
  nC3H7     H2O         -0.177E+02   0.360E+01  -0.182E+00   0.509E-02
  nC3H7     HO2         -0.192E+02   0.464E+01  -0.382E+00   0.163E-01
  nC3H7     H2O2        -0.193E+02   0.464E+01  -0.382E+00   0.163E-01
  nC3H7     CH          -0.183E+02   0.450E+01  -0.365E+00   0.156E-01
  nC3H7     CH2         -0.194E+02   0.467E+01  -0.376E+00   0.156E-01
  nC3H7     CH2*        -0.194E+02   0.467E+01  -0.376E+00   0.156E-01
  nC3H7     CH3         -0.194E+02   0.468E+01  -0.377E+00   0.157E-01
  nC3H7     CH4         -0.194E+02   0.468E+01  -0.379E+00   0.158E-01
  nC3H7     CO          -0.190E+02   0.456E+01  -0.374E+00   0.160E-01
  nC3H7     CO2         -0.204E+02   0.484E+01  -0.386E+00   0.156E-01
  nC3H7     HCO         -0.192E+02   0.414E+01  -0.263E+00   0.904E-02
  nC3H7     CH2O        -0.193E+02   0.415E+01  -0.264E+00   0.909E-02
  nC3H7     CH3O        -0.197E+02   0.439E+01  -0.305E+00   0.112E-01
  nC3H7     C2H2        -0.202E+02   0.481E+01  -0.387E+00   0.158E-01
  nC3H7     H2CC        -0.202E+02   0.481E+01  -0.387E+00   0.158E-01
  nC3H7     C2H3        -0.202E+02   0.482E+01  -0.388E+00   0.159E-01
  nC3H7     C2H4        -0.202E+02   0.473E+01  -0.365E+00   0.144E-01
  nC3H7     C2H5        -0.204E+02   0.480E+01  -0.379E+00   0.152E-01
  nC3H7     C2H6        -0.204E+02   0.480E+01  -0.380E+00   0.153E-01
  nC3H7     HCCO        -0.196E+02   0.475E+01  -0.388E+00   0.162E-01
  nC3H7     CH2CO       -0.199E+02   0.440E+01  -0.305E+00   0.112E-01
  nC3H7     CH2CHO      -0.199E+02   0.440E+01  -0.305E+00   0.112E-01
  nC3H7     CH3CHO      -0.200E+02   0.440E+01  -0.306E+00   0.112E-01
  nC3H7     aC3H5       -0.207E+02   0.482E+01  -0.381E+00   0.153E-01
  nC3H7     C3H6        -0.207E+02   0.482E+01  -0.381E+00   0.153E-01
  nC3H7     nC3H7       -0.207E+02   0.482E+01  -0.381E+00   0.153E-01
  
  N2        H2          -0.129E+02   0.297E+01  -0.179E+00   0.807E-02
  N2        H           -0.164E+02   0.451E+01  -0.374E+00   0.163E-01
  N2        O           -0.152E+02   0.355E+01  -0.255E+00   0.114E-01
  N2        O2          -0.161E+02   0.373E+01  -0.275E+00   0.122E-01
  N2        OH          -0.152E+02   0.355E+01  -0.253E+00   0.113E-01
  N2        H2O         -0.193E+02   0.479E+01  -0.376E+00   0.150E-01
  N2        HO2         -0.161E+02   0.373E+01  -0.275E+00   0.122E-01
  N2        H2O2        -0.162E+02   0.373E+01  -0.276E+00   0.122E-01
  N2        CH          -0.152E+02   0.359E+01  -0.260E+00   0.116E-01
  N2        CH2         -0.169E+02   0.407E+01  -0.318E+00   0.139E-01
  N2        CH2*        -0.169E+02   0.407E+01  -0.318E+00   0.139E-01
  N2        CH3         -0.169E+02   0.406E+01  -0.317E+00   0.139E-01
  N2        CH4         -0.169E+02   0.404E+01  -0.314E+00   0.138E-01
  N2        CO          -0.159E+02   0.364E+01  -0.265E+00   0.117E-01
  N2        CO2         -0.185E+02   0.452E+01  -0.370E+00   0.160E-01
  N2        HCO         -0.196E+02   0.485E+01  -0.398E+00   0.165E-01
  N2        CH2O        -0.197E+02   0.485E+01  -0.398E+00   0.165E-01
  N2        CH3O        -0.196E+02   0.486E+01  -0.402E+00   0.168E-01
  N2        C2H2        -0.180E+02   0.435E+01  -0.351E+00   0.152E-01
  N2        H2CC        -0.180E+02   0.435E+01  -0.351E+00   0.152E-01
  N2        C2H3        -0.180E+02   0.435E+01  -0.351E+00   0.152E-01
  N2        C2H4        -0.188E+02   0.460E+01  -0.379E+00   0.163E-01
  N2        C2H5        -0.187E+02   0.455E+01  -0.374E+00   0.161E-01
  N2        C2H6        -0.187E+02   0.455E+01  -0.374E+00   0.161E-01
  N2        HCCO        -0.168E+02   0.405E+01  -0.315E+00   0.138E-01
  N2        CH2CO       -0.197E+02   0.481E+01  -0.396E+00   0.166E-01
  N2        CH2CHO      -0.197E+02   0.481E+01  -0.395E+00   0.165E-01
  N2        CH3CHO      -0.197E+02   0.481E+01  -0.395E+00   0.165E-01
  N2        aC3H5       -0.190E+02   0.456E+01  -0.374E+00   0.160E-01
  N2        C3H6        -0.190E+02   0.456E+01  -0.374E+00   0.160E-01
  N2        nC3H7       -0.190E+02   0.456E+01  -0.373E+00   0.160E-01
  N2        N2          -0.159E+02   0.364E+01  -0.264E+00   0.117E-01



 COEFFICIENTS FOR THERMAL DIFFUSION RATIOS
 MAXIMUM FITTING ERROR =    2.385E-02
  
  H2        H2           0.000E+00   0.000E+00   0.000E+00   0.000E+00
  H2        H           -0.127E+00  -0.103E-03   0.546E-07  -0.885E-11
  H2        O            0.370E+00   0.959E-04  -0.487E-07   0.821E-11
  H2        O2           0.382E+00   0.184E-03  -0.980E-07   0.163E-10
  H2        OH           0.375E+00   0.974E-04  -0.494E-07   0.833E-11
  H2        H2O          0.195E-02   0.669E-03  -0.312E-06   0.453E-10
  H2        HO2          0.383E+00   0.185E-03  -0.983E-07   0.163E-10
  H2        H2O2         0.385E+00   0.186E-03  -0.987E-07   0.164E-10
  H2        CH           0.349E+00   0.904E-04  -0.459E-07   0.774E-11
  H2        CH2          0.286E+00   0.229E-03  -0.122E-06   0.197E-10
  H2        CH2*         0.286E+00   0.229E-03  -0.122E-06   0.197E-10
  H2        CH3          0.291E+00   0.233E-03  -0.124E-06   0.201E-10
  H2        CH4          0.299E+00   0.232E-03  -0.124E-06   0.201E-10
  H2        CO           0.387E+00   0.157E-03  -0.829E-07   0.138E-10
  H2        CO2          0.247E+00   0.449E-03  -0.232E-06   0.363E-10
  H2        HCO          0.888E-01   0.636E-03  -0.309E-06   0.461E-10
  H2        CH2O         0.892E-01   0.639E-03  -0.311E-06   0.463E-10
  H2        CH3O         0.105E+00   0.622E-03  -0.305E-06   0.456E-10
  H2        C2H2         0.261E+00   0.374E-03  -0.195E-06   0.308E-10
  H2        H2CC         0.261E+00   0.374E-03  -0.195E-06   0.308E-10
  H2        C2H3         0.263E+00   0.376E-03  -0.196E-06   0.310E-10
  H2        C2H4         0.207E+00   0.470E-03  -0.240E-06   0.371E-10
  H2        C2H5         0.229E+00   0.439E-03  -0.226E-06   0.353E-10
  H2        C2H6         0.230E+00   0.441E-03  -0.227E-06   0.354E-10
  H2        HCCO         0.339E+00   0.289E-03  -0.154E-06   0.249E-10
  H2        CH2CO        0.122E+00   0.627E-03  -0.309E-06   0.464E-10
  H2        CH2CHO       0.122E+00   0.629E-03  -0.309E-06   0.465E-10
  H2        CH3CHO       0.122E+00   0.630E-03  -0.310E-06   0.466E-10
  H2        aC3H5        0.227E+00   0.475E-03  -0.244E-06   0.379E-10
  H2        C3H6         0.228E+00   0.477E-03  -0.244E-06   0.380E-10
  H2        nC3H7        0.228E+00   0.478E-03  -0.245E-06   0.380E-10
  H2        N2           0.388E+00   0.155E-03  -0.821E-07   0.137E-10
  
  H         H2           0.127E+00   0.103E-03  -0.546E-07   0.885E-11
  H         H            0.000E+00   0.000E+00   0.000E+00   0.000E+00
  H         O            0.193E+00   0.504E-03  -0.256E-06   0.394E-10
  H         O2           0.140E+00   0.630E-03  -0.312E-06   0.471E-10
  H         OH           0.195E+00   0.508E-03  -0.258E-06   0.397E-10
  H         H2O         -0.161E+00   0.802E-03  -0.325E-06   0.432E-10
  H         HO2          0.140E+00   0.631E-03  -0.312E-06   0.472E-10
  H         H2O2         0.140E+00   0.632E-03  -0.313E-06   0.473E-10
  H         CH           0.188E+00   0.490E-03  -0.248E-06   0.383E-10
  H         CH2          0.681E-01   0.657E-03  -0.316E-06   0.469E-10
  H         CH2*         0.681E-01   0.657E-03  -0.316E-06   0.469E-10
  H         CH3          0.688E-01   0.663E-03  -0.319E-06   0.474E-10
  H         CH4          0.732E-01   0.664E-03  -0.321E-06   0.476E-10
  H         CO           0.159E+00   0.597E-03  -0.298E-06   0.452E-10
  H         CO2         -0.385E-01   0.835E-03  -0.381E-06   0.546E-10
  H         HCO         -0.153E+00   0.848E-03  -0.352E-06   0.475E-10
  H         CH2O        -0.153E+00   0.850E-03  -0.353E-06   0.476E-10
  H         CH3O        -0.130E+00   0.858E-03  -0.366E-06   0.502E-10
  H         C2H2        -0.648E-02   0.784E-03  -0.364E-06   0.526E-10
  H         H2CC        -0.648E-02   0.784E-03  -0.364E-06   0.526E-10
  H         C2H3        -0.650E-02   0.786E-03  -0.365E-06   0.528E-10
  H         C2H4        -0.641E-01   0.831E-03  -0.373E-06   0.529E-10
  H         C2H5        -0.441E-01   0.820E-03  -0.373E-06   0.533E-10
  H         C2H6        -0.442E-01   0.822E-03  -0.374E-06   0.534E-10
  H         HCCO         0.657E-01   0.733E-03  -0.352E-06   0.520E-10
  H         CH2CO       -0.138E+00   0.872E-03  -0.370E-06   0.505E-10
  H         CH2CHO      -0.139E+00   0.873E-03  -0.370E-06   0.506E-10
  H         CH3CHO      -0.139E+00   0.874E-03  -0.370E-06   0.506E-10
  H         aC3H5       -0.559E-01   0.844E-03  -0.381E-06   0.543E-10
  H         C3H6        -0.559E-01   0.845E-03  -0.382E-06   0.543E-10
  H         nC3H7       -0.560E-01   0.846E-03  -0.382E-06   0.544E-10
  H         N2           0.160E+00   0.595E-03  -0.297E-06   0.451E-10
